<?xml version="1.0" encoding="UTF-8"?>
<testng-results skipped="0" failed="0" total="3" passed="3">
  <reporter-output>
  </reporter-output>
  <suite name="Command line suite" duration-ms="1015" started-at="2018-01-15T06:55:50Z" finished-at="2018-01-15T06:55:51Z">
    <groups>
    </groups>
    <test name="Command line test" duration-ms="1015" started-at="2018-01-15T06:55:50Z" finished-at="2018-01-15T06:55:51Z">
      <class name="service.TeacherServiceTest">
        <test-method status="PASS" signature="springTestContextBeforeTestClass()[pri:0, instance:service.TeacherServiceTest@711f39f9]" name="springTestContextBeforeTestClass" is-config="true" duration-ms="6" started-at="2018-01-15T14:55:50Z" finished-at="2018-01-15T14:55:50Z">
          <reporter-output>
          </reporter-output>
        </test-method> <!-- springTestContextBeforeTestClass -->
        <test-method status="PASS" signature="springTestContextPrepareTestInstance()[pri:0, instance:service.TeacherServiceTest@711f39f9]" name="springTestContextPrepareTestInstance" is-config="true" duration-ms="643" started-at="2018-01-15T14:55:50Z" depends-on-methods="org.springframework.test.context.testng.AbstractTestNGSpringContextTests.springTestContextBeforeTestClass" finished-at="2018-01-15T14:55:51Z">
          <reporter-output>
          </reporter-output>
        </test-method> <!-- springTestContextPrepareTestInstance -->
        <test-method status="PASS" signature="springTestContextBeforeTestMethod(java.lang.reflect.Method)[pri:0, instance:service.TeacherServiceTest@711f39f9]" name="springTestContextBeforeTestMethod" is-config="true" duration-ms="289" started-at="2018-01-15T14:55:51Z" finished-at="2018-01-15T14:55:51Z">
          <params>
            <param index="0">
              <value>
                <![CDATA[public void service.TeacherServiceTest.getTeacher()]]>
              </value>
            </param>
          </params>
          <reporter-output>
          </reporter-output>
        </test-method> <!-- springTestContextBeforeTestMethod -->
        <test-method status="PASS" signature="getTeacher()[pri:0, instance:service.TeacherServiceTest@711f39f9]" name="getTeacher" duration-ms="39" started-at="2018-01-15T14:55:51Z" finished-at="2018-01-15T14:55:51Z">
          <reporter-output>
          </reporter-output>
        </test-method> <!-- getTeacher -->
        <test-method status="PASS" signature="springTestContextAfterTestMethod(java.lang.reflect.Method)[pri:0, instance:service.TeacherServiceTest@711f39f9]" name="springTestContextAfterTestMethod" is-config="true" duration-ms="5" started-at="2018-01-15T14:55:51Z" finished-at="2018-01-15T14:55:51Z">
          <params>
            <param index="0">
              <value>
                <![CDATA[public void service.TeacherServiceTest.getTeacher()]]>
              </value>
            </param>
          </params>
          <reporter-output>
          </reporter-output>
        </test-method> <!-- springTestContextAfterTestMethod -->
        <test-method status="PASS" signature="springTestContextBeforeTestMethod(java.lang.reflect.Method)[pri:0, instance:service.TeacherServiceTest@711f39f9]" name="springTestContextBeforeTestMethod" is-config="true" duration-ms="2" started-at="2018-01-15T14:55:51Z" finished-at="2018-01-15T14:55:51Z">
          <params>
            <param index="0">
              <value>
                <![CDATA[public void service.TeacherServiceTest.getTeacherMes()]]>
              </value>
            </param>
          </params>
          <reporter-output>
          </reporter-output>
        </test-method> <!-- springTestContextBeforeTestMethod -->
        <test-method status="PASS" signature="getTeacherMes()[pri:0, instance:service.TeacherServiceTest@711f39f9]" name="getTeacherMes" duration-ms="5" started-at="2018-01-15T14:55:51Z" finished-at="2018-01-15T14:55:51Z">
          <reporter-output>
          </reporter-output>
        </test-method> <!-- getTeacherMes -->
        <test-method status="PASS" signature="springTestContextAfterTestMethod(java.lang.reflect.Method)[pri:0, instance:service.TeacherServiceTest@711f39f9]" name="springTestContextAfterTestMethod" is-config="true" duration-ms="2" started-at="2018-01-15T14:55:51Z" finished-at="2018-01-15T14:55:51Z">
          <params>
            <param index="0">
              <value>
                <![CDATA[public void service.TeacherServiceTest.getTeacherMes()]]>
              </value>
            </param>
          </params>
          <reporter-output>
          </reporter-output>
        </test-method> <!-- springTestContextAfterTestMethod -->
        <test-method status="PASS" signature="springTestContextBeforeTestMethod(java.lang.reflect.Method)[pri:0, instance:service.TeacherServiceTest@711f39f9]" name="springTestContextBeforeTestMethod" is-config="true" duration-ms="2" started-at="2018-01-15T14:55:51Z" finished-at="2018-01-15T14:55:51Z">
          <params>
            <param index="0">
              <value>
                <![CDATA[public void service.TeacherServiceTest.updateMyInfoTest()]]>
              </value>
            </param>
          </params>
          <reporter-output>
          </reporter-output>
        </test-method> <!-- springTestContextBeforeTestMethod -->
        <test-method status="PASS" signature="updateMyInfoTest()[pri:0, instance:service.TeacherServiceTest@711f39f9]" name="updateMyInfoTest" duration-ms="9" started-at="2018-01-15T14:55:51Z" finished-at="2018-01-15T14:55:51Z">
          <reporter-output>
          </reporter-output>
        </test-method> <!-- updateMyInfoTest -->
        <test-method status="PASS" signature="springTestContextAfterTestMethod(java.lang.reflect.Method)[pri:0, instance:service.TeacherServiceTest@711f39f9]" name="springTestContextAfterTestMethod" is-config="true" duration-ms="2" started-at="2018-01-15T14:55:51Z" finished-at="2018-01-15T14:55:51Z">
          <params>
            <param index="0">
              <value>
                <![CDATA[public void service.TeacherServiceTest.updateMyInfoTest()]]>
              </value>
            </param>
          </params>
          <reporter-output>
          </reporter-output>
        </test-method> <!-- springTestContextAfterTestMethod -->
        <test-method status="PASS" signature="springTestContextAfterTestClass()[pri:0, instance:service.TeacherServiceTest@711f39f9]" name="springTestContextAfterTestClass" is-config="true" duration-ms="1" started-at="2018-01-15T14:55:51Z" finished-at="2018-01-15T14:55:51Z">
          <reporter-output>
          </reporter-output>
        </test-method> <!-- springTestContextAfterTestClass -->
      </class> <!-- service.TeacherServiceTest -->
    </test> <!-- Command line test -->
  </suite> <!-- Command line suite -->
</testng-results>
