<?xml version="1.0" encoding="UTF-8"?>
<!-- Generated by org.testng.reporters.JUnitXMLReporter -->
<testsuite hostname="LAPTOP-JI7J3S6F" name="Command line test" tests="3" failures="0" timestamp="15 Jan 2018 06:55:51 GMT" time="1.015" errors="0">
  <testcase name="getTeacher" time="0.039" classname="service.TeacherServiceTest"/>
  <testcase name="getTeacherMes" time="0.005" classname="service.TeacherServiceTest"/>
  <testcase name="updateMyInfoTest" time="0.009" classname="service.TeacherServiceTest"/>
</testsuite> <!-- Command line test -->
